<?xml version="1.0" encoding="UTF-8"?>
<!-- Generated by org.testng.reporters.JUnitReportReporter -->
<testsuite hostname="Sahoor-PC" name="Mvideo.IframeNo" tests="1" failures="0" timestamp="6 Apr 2018 15:44:55 GMT" time="21.107" errors="0">
  <testcase name="m" time="21.107" classname="Mvideo.IframeNo"/>
</testsuite> <!-- Mvideo.IframeNo -->
