<?xml version="1.0" encoding="UTF-8"?>
<!-- Generated by org.testng.reporters.JUnitReportReporter -->
<testsuite hostname="Sahoor-PC" name="TestNG.TestNg2" tests="1" failures="0" timestamp="25 Mar 2018 18:31:23 GMT" time="0.004" errors="0">
  <testcase name="TestTwiterX" time="0.004" classname="TestNG.TestNg2"/>
</testsuite> <!-- TestNG.TestNg2 -->
