<?xml version="1.0" encoding="UTF-8"?>
<!-- Generated by org.testng.reporters.JUnitReportReporter -->
<testsuite hostname="Sahoor-PC" name="TestNG.TestNg2" tests="1" failures="0" timestamp="2 Jun 2018 06:21:02 GMT" time="0.006" errors="0">
  <testcase name="TestTwiterX" time="0.006" classname="TestNG.TestNg2"/>
</testsuite> <!-- TestNG.TestNg2 -->
