<?xml version="1.0" encoding="UTF-8"?>
<!-- Generated by org.testng.reporters.JUnitReportReporter -->
<testsuite hostname="Sahoor-PC" name="Mvideo.ScollDown" tests="1" failures="0" timestamp="31 Mar 2018 05:28:00 GMT" time="90.093" errors="0">
  <testcase name="scoll" time="90.093" classname="Mvideo.ScollDown"/>
</testsuite> <!-- Mvideo.ScollDown -->
