<?xml version="1.0" encoding="UTF-8"?>
<!-- Generated by org.testng.reporters.JUnitReportReporter -->
<testsuite hostname="Sahoor-PC" name="Vanu.TestProperties" tests="1" failures="0" timestamp="25 May 2018 05:00:39 GMT" time="0.014" errors="0">
  <testcase name="testProperties" time="0.014" classname="Vanu.TestProperties"/>
</testsuite> <!-- Vanu.TestProperties -->
