<?xml version="1.0" encoding="UTF-8"?>
<!-- Generated by org.testng.reporters.JUnitReportReporter -->
<testsuite hostname="Sahoor-PC" name="TestNG.TestNg1" tests="1" failures="0" timestamp="2 Jun 2018 06:21:02 GMT" time="0.004" errors="0">
  <testcase name="TestFB" time="0.004" classname="TestNG.TestNg1"/>
</testsuite> <!-- TestNG.TestNg1 -->
