<?xml version="1.0" encoding="UTF-8"?>
<!-- Generated by org.testng.reporters.JUnitReportReporter -->
<testsuite hostname="Sahoor-PC" name="Selenium.Testng" tests="2" failures="0" timestamp="24 Mar 2018 14:36:59 GMT" time="0.049" errors="0">
  <testcase name="createcustomer" time="0.029" classname="Selenium.Testng"/>
  <testcase name="modifycustomer" time="0.020" classname="Selenium.Testng"/>
</testsuite> <!-- Selenium.Testng -->
