<?xml version="1.0" encoding="UTF-8"?>
<!-- Generated by org.testng.reporters.JUnitReportReporter -->
<testsuite hostname="Sahoor-PC" name="SeleniumDEMO.Alertt" tests="1" failures="0" timestamp="19 Apr 2018 02:57:48 GMT" time="12.933" errors="0">
  <testcase name="m" time="12.933" classname="SeleniumDEMO.Alertt"/>
</testsuite> <!-- SeleniumDEMO.Alertt -->
