<?xml version="1.0" encoding="UTF-8"?>
<!-- Generated by org.testng.reporters.JUnitReportReporter -->
<testsuite hostname="Sahoor-PC" name="Selenium.TestN" tests="1" failures="0" timestamp="6 Apr 2018 17:46:28 GMT" time="0.015" errors="0">
  <testcase name="Sample" time="0.015" classname="Selenium.TestN"/>
</testsuite> <!-- Selenium.TestN -->
