<?xml version="1.0" encoding="UTF-8"?>
<!-- Generated by org.testng.reporters.JUnitReportReporter -->
<testsuite hostname="Sahoor-PC" name="DDT.NukriMore" tests="1" failures="0" timestamp="2 Jun 2018 06:24:23 GMT" time="18.679" errors="0">
  <testcase name="aTest" time="18.679" classname="DDT.NukriMore"/>
</testsuite> <!-- DDT.NukriMore -->
