<?xml version="1.0" encoding="UTF-8"?>
<!-- Generated by org.testng.reporters.JUnitReportReporter -->
<testsuite hostname="Sahoor-PC" name="TestNG.TestNg1" tests="1" failures="0" timestamp="25 Mar 2018 18:31:23 GMT" time="0.003" errors="0">
  <testcase name="TestFB" time="0.003" classname="TestNG.TestNg1"/>
</testsuite> <!-- TestNG.TestNg1 -->
