<?xml version="1.0" encoding="UTF-8"?>
<!-- Generated by org.testng.reporters.JUnitReportReporter -->
<testsuite hostname="Sahoor-PC" name="Vanu.Alertt" tests="1" failures="0" timestamp="25 May 2018 12:04:26 GMT" time="25.946" errors="0">
  <testcase name="D" time="25.946" classname="Vanu.Alertt"/>
</testsuite> <!-- Vanu.Alertt -->
