<?xml version="1.0" encoding="UTF-8"?>
<!-- Generated by org.testng.reporters.JUnitReportReporter -->
<testsuite hostname="Sahoor-PC" name="DDT.NukriMore" tests="1" failures="0" timestamp="30 Mar 2018 07:00:44 GMT" time="28.041" errors="0">
  <testcase name="aTest" time="28.041" classname="DDT.NukriMore"/>
</testsuite> <!-- DDT.NukriMore -->
