<?xml version="1.0" encoding="UTF-8"?>
<!-- Generated by org.testng.reporters.JUnitReportReporter -->
<testsuite hostname="Sahoor-PC" name="Selenium.AleartPOP" tests="1" failures="0" timestamp="7 May 2018 18:33:59 GMT" time="15.664" errors="0">
  <testcase name="m" time="15.664" classname="Selenium.AleartPOP"/>
</testsuite> <!-- Selenium.AleartPOP -->
