<?xml version="1.0" encoding="UTF-8"?>
<!-- Generated by org.testng.reporters.JUnitReportReporter -->
<testsuite hostname="Sahoor-PC" name="SeleniumDEMO.Alertt" tests="1" failures="0" timestamp="18 Apr 2018 11:33:13 GMT" time="14.348" errors="0">
  <testcase name="m" time="14.348" classname="SeleniumDEMO.Alertt"/>
</testsuite> <!-- SeleniumDEMO.Alertt -->
