<?xml version="1.0" encoding="UTF-8"?>
<!-- Generated by org.testng.reporters.JUnitReportReporter -->
<testsuite hostname="Sahoor-PC" name="DDT.NaukriUpdate" tests="1" failures="0" timestamp="18 Apr 2018 11:40:11 GMT" time="61.856" errors="0">
  <testcase name="t1" time="61.856" classname="DDT.NaukriUpdate"/>
</testsuite> <!-- DDT.NaukriUpdate -->
