<?xml version="1.0" encoding="UTF-8"?>
<!-- Generated by org.testng.reporters.JUnitReportReporter -->
<testsuite hostname="Sahoor-PC" name="TestNG.Dataproviderr" tests="2" failures="0" timestamp="2 Jun 2018 06:21:02 GMT" time="20.176" errors="0">
  <testcase name="test" time="12.084" classname="TestNG.Dataproviderr"/>
  <testcase name="test" time="8.092" classname="TestNG.Dataproviderr"/>
</testsuite> <!-- TestNG.Dataproviderr -->
