<?xml version="1.0" encoding="UTF-8"?>
<!-- Generated by org.testng.reporters.JUnitReportReporter -->
<testsuite hostname="Sahoor-PC" name="Selenium.AleartPOP" tests="1" failures="0" timestamp="14 Apr 2018 05:33:30 GMT" time="15.867" errors="0">
  <testcase name="m" time="15.867" classname="Selenium.AleartPOP"/>
</testsuite> <!-- Selenium.AleartPOP -->
